{"/Users/omar/projects/midjourney_prompt_helper/src/domain/prompt/model.ts": {"path":"/Users/omar/projects/midjourney_prompt_helper/src/domain/prompt/model.ts","statementMap":{"0":{"start":{"line":3,"column":26},"end":{"line":9,"column":null}},"1":{"start":{"line":11,"column":31},"end":{"line":14,"column":null}},"2":{"start":{"line":16,"column":33},"end":{"line":24,"column":null}}},"fnMap":{},"branchMap":{},"s":{"0":1,"1":1,"2":1},"f":{},"b":{},"meta":{"lastBranch":0,"lastFunction":0,"lastStatement":3,"seen":{"s:3:26:9:Infinity":0,"s:11:31:14:Infinity":1,"s:16:33:24:Infinity":2},"fnNames":{}}}
,"/Users/omar/projects/midjourney_prompt_helper/src/domain/prompt/sanitize.ts": {"path":"/Users/omar/projects/midjourney_prompt_helper/src/domain/prompt/sanitize.ts","statementMap":{"0":{"start":{"line":17,"column":2},"end":{"line":22,"column":null}}},"fnMap":{"0":{"name":"sanitize","decl":{"start":{"line":16,"column":16},"end":{"line":16,"column":25}},"loc":{"start":{"line":16,"column":47},"end":{"line":23,"column":null}},"line":16}},"branchMap":{},"s":{"0":45},"f":{"0":45},"b":{},"meta":{"lastBranch":0,"lastFunction":1,"lastStatement":1,"seen":{"f:16:16:16:25":0,"s:17:2:22:Infinity":0},"fnNames":{}}}
,"/Users/omar/projects/midjourney_prompt_helper/src/domain/prompt/serialize.ts": {"path":"/Users/omar/projects/midjourney_prompt_helper/src/domain/prompt/serialize.ts","statementMap":{"0":{"start":{"line":18,"column":26},"end":{"line":18,"column":null}},"1":{"start":{"line":21,"column":8},"end":{"line":21,"column":null}},"2":{"start":{"line":22,"column":2},"end":{"line":22,"column":null}},"3":{"start":{"line":22,"column":23},"end":{"line":22,"column":null}},"4":{"start":{"line":25,"column":2},"end":{"line":29,"column":null}},"5":{"start":{"line":26,"column":4},"end":{"line":26,"column":null}},"6":{"start":{"line":26,"column":23},"end":{"line":26,"column":null}},"7":{"start":{"line":27,"column":10},"end":{"line":27,"column":null}},"8":{"start":{"line":28,"column":4},"end":{"line":28,"column":null}},"9":{"start":{"line":28,"column":24},"end":{"line":28,"column":null}},"10":{"start":{"line":35,"column":2},"end":{"line":35,"column":null}}},"fnMap":{"0":{"name":"serialize","decl":{"start":{"line":17,"column":16},"end":{"line":17,"column":26}},"loc":{"start":{"line":17,"column":54},"end":{"line":36,"column":null}},"line":17}},"branchMap":{"0":{"loc":{"start":{"line":22,"column":2},"end":{"line":22,"column":null}},"type":"if","locations":[{"start":{"line":22,"column":2},"end":{"line":22,"column":null}},{"start":{},"end":{}}],"line":22},"1":{"loc":{"start":{"line":26,"column":4},"end":{"line":26,"column":null}},"type":"if","locations":[{"start":{"line":26,"column":4},"end":{"line":26,"column":null}},{"start":{},"end":{}}],"line":26},"2":{"loc":{"start":{"line":28,"column":4},"end":{"line":28,"column":null}},"type":"if","locations":[{"start":{"line":28,"column":4},"end":{"line":28,"column":null}},{"start":{},"end":{}}],"line":28}},"s":{"0":14,"1":14,"2":14,"3":11,"4":14,"5":13,"6":2,"7":11,"8":11,"9":10,"10":14},"f":{"0":14},"b":{"0":[11,3],"1":[2,11],"2":[10,1]},"meta":{"lastBranch":3,"lastFunction":1,"lastStatement":11,"seen":{"f:17:16:17:26":0,"s:18:26:18:Infinity":0,"s:21:8:21:Infinity":1,"b:22:2:22:Infinity:undefined:undefined:undefined:undefined":0,"s:22:2:22:Infinity":2,"s:22:23:22:Infinity":3,"s:25:2:29:Infinity":4,"b:26:4:26:Infinity:undefined:undefined:undefined:undefined":1,"s:26:4:26:Infinity":5,"s:26:23:26:Infinity":6,"s:27:10:27:Infinity":7,"b:28:4:28:Infinity:undefined:undefined:undefined:undefined":2,"s:28:4:28:Infinity":8,"s:28:24:28:Infinity":9,"s:35:2:35:Infinity":10},"fnNames":{}}}
}
